<?xml version="1.0" encoding="UTF-8"?>
<!-- Generated by org.testng.reporters.JUnitXMLReporter -->
<testsuite ignored="0" hostname="DESKTOP-J5OLTFL" failures="0" tests="3" name="Test-2" time="145.301" errors="0" timestamp="2024-08-05T10:07:14 IST">
  <testcase classname="com.comcast.crm.contacttest.CreateContactTest" name="createContactTest" time="26.655"/>
  <testcase classname="com.comcast.crm.contacttest.CreateContactTest" name="createContactWithOrgTest" time="52.698"/>
  <testcase classname="com.comcast.crm.contacttest.CreateContactTest" name="createContactWithSupportDateTest" time="20.53"/>
</testsuite> <!-- Test-2 -->
