<?xml version="1.0" encoding="UTF-8"?>
<!-- Generated by org.testng.reporters.JUnitReportReporter -->
<testsuite hostname="DESKTOP-J5OLTFL" failures="0" tests="1" name="practice.datadriventesting.CreateOrgTest" time="35.277" errors="0" timestamp="2024-08-08T17:34:39 IST" skipped="0">
  <testcase classname="practice.datadriventesting.CreateOrgTest" name="createOrgtest" time="35.277"/>
  <system-out/>
</testsuite> <!-- practice.datadriventesting.CreateOrgTest -->
