<?xml version="1.0" encoding="UTF-8"?>
<!-- Generated by org.testng.reporters.JUnitReportReporter -->
<testsuite hostname="DESKTOP-J5OLTFL" failures="0" tests="2" name="practice.testng.SampleTest" time="0.011" errors="0" timestamp="2024-08-01T15:27:53 IST" skipped="0">
  <testcase classname="practice.testng.SampleTest" name="createContactTest" time="0.009"/>
  <system-out/>
  <testcase classname="practice.testng.SampleTest" name="createContactWithMobileNumTest" time="0.002"/>
  <system-out/>
</testsuite> <!-- practice.testng.SampleTest -->
