<?xml version="1.0" encoding="UTF-8"?>
<!-- Generated by org.testng.reporters.JUnitReportReporter -->
<testsuite hostname="DESKTOP-J5OLTFL" failures="0" tests="2" name="com.pack1.CreateContactTest" time="0.008" errors="0" timestamp="2024-08-02T15:21:14 IST" skipped="0">
  <testcase classname="com.pack1.CreateContactTest" name="createContact" time="0.007"/>
  <system-out/>
  <testcase classname="com.pack1.CreateContactTest" name="createContactWithDate" time="0.001"/>
  <system-out/>
</testsuite> <!-- com.pack1.CreateContactTest -->
