<?xml version="1.0" encoding="UTF-8"?>
<!-- Generated by org.testng.reporters.JUnitReportReporter -->
<testsuite hostname="DESKTOP-J5OLTFL" failures="0" tests="3" name="practice.testng.ContactTest" time="0.014" errors="0" timestamp="2024-08-01T16:56:13 IST" skipped="0">
  <testcase classname="practice.testng.ContactTest" name="deletecontactTest" time="0.003"/>
  <system-out/>
  <testcase classname="practice.testng.ContactTest" name="createContactTest" time="0.009"/>
  <system-out/>
  <testcase classname="practice.testng.ContactTest" name="modifycontactTest" time="0.002"/>
  <system-out/>
</testsuite> <!-- practice.testng.ContactTest -->
