<?xml version="1.0" encoding="UTF-8"?>
<!-- Generated by org.testng.reporters.JUnitReportReporter -->
<testsuite hostname="DESKTOP-J5OLTFL" failures="0" tests="3" name="practice.testng.CreateContact_WithPhoneNumber_DP_Test2" time="0.010" errors="0" timestamp="2024-08-02T13:36:17 IST" skipped="0">
  <testcase classname="practice.testng.CreateContact_WithPhoneNumber_DP_Test2" name="createContactTest" time="0.007"/>
  <system-out/>
  <testcase classname="practice.testng.CreateContact_WithPhoneNumber_DP_Test2" name="createContactTest" time="0.002"/>
  <system-out/>
  <testcase classname="practice.testng.CreateContact_WithPhoneNumber_DP_Test2" name="createContactTest" time="0.001"/>
  <system-out/>
</testsuite> <!-- practice.testng.CreateContact_WithPhoneNumber_DP_Test2 -->
