<?xml version="1.0" encoding="UTF-8"?>
<!-- Generated by org.testng.reporters.JUnitReportReporter -->
<testsuite hostname="DESKTOP-J5OLTFL" failures="0" tests="1" name="practice.pom.repository.SampleTestWithPom" time="9.041" errors="0" timestamp="2024-07-31T15:57:19 IST" skipped="0">
  <testcase classname="practice.pom.repository.SampleTestWithPom" name="sampleTest" time="9.041"/>
  <system-out/>
</testsuite> <!-- practice.pom.repository.SampleTestWithPom -->
