<?xml version="1.0" encoding="UTF-8"?>
<!-- Generated by org.testng.reporters.JUnitReportReporter -->
<testsuite hostname="DESKTOP-J5OLTFL" failures="0" tests="3" name="practice.test.GetProductInfoTest" time="43.189" errors="0" timestamp="2024-08-02T11:35:07 IST" skipped="0">
  <testcase classname="practice.test.GetProductInfoTest" name="getProductInfoTest" time="17.041"/>
  <system-out/>
  <testcase classname="practice.test.GetProductInfoTest" name="getProductInfoTest" time="12.096"/>
  <system-out/>
  <testcase classname="practice.test.GetProductInfoTest" name="getProductInfoTest" time="14.052"/>
  <system-out/>
</testsuite> <!-- practice.test.GetProductInfoTest -->
