<?xml version="1.0" encoding="UTF-8"?>
<!-- Generated by org.testng.reporters.JUnitReportReporter -->
<testsuite hostname="DESKTOP-J5OLTFL" failures="0" tests="1" name="practice.datadriventesting.ReadRunTimeMavenParameterTest" time="0.010" errors="0" timestamp="2024-08-08T16:51:59 IST" skipped="0">
  <testcase classname="practice.datadriventesting.ReadRunTimeMavenParameterTest" name="runtimeParameterTest" time="0.010"/>
  <system-out/>
</testsuite> <!-- practice.datadriventesting.ReadRunTimeMavenParameterTest -->
