<?xml version="1.0" encoding="UTF-8"?>
<!-- Generated by org.testng.reporters.JUnitReportReporter -->
<testsuite hostname="DESKTOP-J5OLTFL" failures="0" tests="2" name="practice.testng.Demo" time="0.007" errors="0" timestamp="2024-08-03T10:51:23 IST" skipped="0">
  <testcase classname="practice.testng.Demo" name="createContactTest" time="0.006"/>
  <system-out/>
  <testcase classname="practice.testng.Demo" name="createContactTest" time="0.001"/>
  <system-out/>
</testsuite> <!-- practice.testng.Demo -->
