<?xml version="1.0" encoding="UTF-8"?>
<!-- Generated by org.testng.reporters.JUnitReportReporter -->
<testsuite hostname="DESKTOP-J5OLTFL" failures="0" tests="11" name="practice.testng.OrderTest" time="0.035" errors="0" timestamp="2024-08-01T17:00:24 IST" skipped="1">
  <testcase classname="practice.testng.OrderTest" name="createOrderTest" time="0.002"/>
  <system-out/>
  <testcase classname="practice.testng.OrderTest" name="createOrderTest" time="0.002"/>
  <system-out/>
  <testcase classname="practice.testng.OrderTest" name="createOrderTest" time="0.016"/>
  <system-out/>
  <testcase classname="practice.testng.OrderTest" name="createOrderTest" time="0.001"/>
  <system-out/>
  <testcase classname="practice.testng.OrderTest" name="createOrderTest" time="0.001"/>
  <system-out/>
  <testcase classname="practice.testng.OrderTest" name="createOrderTest" time="0.002"/>
  <system-out/>
  <testcase classname="practice.testng.OrderTest" name="createOrderTest" time="0.006"/>
  <system-out/>
  <testcase classname="practice.testng.OrderTest" name="createOrderTest" time="0.002"/>
  <system-out/>
  <testcase classname="practice.testng.OrderTest" name="createOrderTest" time="0.002"/>
  <system-out/>
  <testcase classname="practice.testng.OrderTest" name="createOrderTest" time="0.001"/>
  <system-out/>
  <testcase classname="practice.testng.OrderTest" name="billingAnOrderTest">
    <skipped/>
  </testcase> <!-- billingAnOrderTest -->
  <system-out/>
</testsuite> <!-- practice.testng.OrderTest -->
