<?xml version="1.0" encoding="UTF-8"?>
<!-- Generated by org.testng.reporters.JUnitReportReporter -->
<testsuite hostname="DESKTOP-J5OLTFL" failures="0" tests="2" name="com.pack1.CreateOrgTest" time="0.006" errors="0" timestamp="2024-08-02T15:21:14 IST" skipped="0">
  <testcase classname="com.pack1.CreateOrgTest" name="createContact" time="0.003"/>
  <system-out/>
  <testcase classname="com.pack1.CreateOrgTest" name="createContactWithDate" time="0.003"/>
  <system-out/>
</testsuite> <!-- com.pack1.CreateOrgTest -->
