<?xml version="1.0" encoding="UTF-8"?>
<!-- Generated by org.testng.reporters.JUnitReportReporter -->
<testsuite hostname="DESKTOP-J5OLTFL" failures="0" tests="1" name="practice.datadriventesting.ReadDataFromTestNGXmlTest" time="0.009" errors="0" timestamp="2024-08-08T17:21:46 IST" skipped="0">
  <testcase classname="practice.datadriventesting.ReadDataFromTestNGXmlTest" name="sampleTest" time="0.009"/>
  <system-out/>
</testsuite> <!-- practice.datadriventesting.ReadDataFromTestNGXmlTest -->
