<?xml version="1.0" encoding="UTF-8"?>
<!-- Generated by org.testng.reporters.JUnitReportReporter -->
<testsuite hostname="DESKTOP-J5OLTFL" failures="0" tests="2" name="practice.hometest.HomePageSampleTest" time="0.012" errors="0" timestamp="2024-08-05T15:17:58 IST" skipped="0">
  <testcase classname="practice.hometest.HomePageSampleTest" name="verifyLogoHomePageTest" time="0.003"/>
  <system-out>
    <![CDATA[verifyLogoHomePageTestTest Start
step-1
step-2
step-3
step-4
verifyLogoHomePageTestTest End]]>
  </system-out>
  <testcase classname="practice.hometest.HomePageSampleTest" name="homePageTest" time="0.009"/>
  <system-out>
    <![CDATA[homePageTestTest Start
step-1
step-2
step-3
step-4
homePageTestTest End]]>
  </system-out>
</testsuite> <!-- practice.hometest.HomePageSampleTest -->
