<?xml version="1.0" encoding="UTF-8"?>
<!-- Generated by org.testng.reporters.JUnitReportReporter -->
<testsuite hostname="DESKTOP-J5OLTFL" failures="0" tests="1" name="practice.test.ActivateSimTest" time="12.153" errors="0" timestamp="2024-08-06T13:13:06 IST" skipped="0">
  <testcase classname="practice.test.ActivateSimTest" name="activateSim" time="12.153"/>
  <system-out/>
</testsuite> <!-- practice.test.ActivateSimTest -->
